<?xml version="1.0" encoding="UTF-8" ?>
<testsuite 
errors="0" failures="0" hostname="Durga-PC" name="com.microsoft.config.ConfigTest" tests="1" time="0.349" timestamp="2018-05-31T16:09:26">
  <properties>
    <property name="java.runtime.name" value="Java(TM) SE Runtime Environment">
    </property>
    <property name="java.vm.version" value="9.0.4+11"> </property>
    <property 
    name="sun.boot.library.path" value="C:\Program Files\Java\jre-9.0.4\bin">
</property>
    <property name="java.vm.vendor" value="Oracle Corporation"> </property>
    <property name="java.vendor.url" value="http://java.oracle.com/">
    </property>
    <property name="path.separator" value=";"> </property>
    <property name="java.vm.name" value="Java HotSpot(TM) 64-Bit Server VM">
    </property>
    <property name="file.encoding.pkg" value="sun.io"> </property>
    <property name="sun.os.patch.level" value=""> </property>
    <property name="user.script" value=""> </property>
    <property name="user.country" value="US"> </property>
    <property name="sun.java.launcher" value="SUN_STANDARD"> </property>
    <property 
    name="java.vm.specification.name" value="Java Virtual Machine Specification">
</property>
    <property 
    name="user.dir" value="C:\DriveE\Projects\vNext\Azure-AMP-DataPlatform-Vnext\src\VNext-DataTranformations">
</property>
    <property name="java.vm.compressedOopsMode" value="Zero based"> </property>
    <property name="java.runtime.version" value="9.0.4+11"> </property>
    <property 
    name="java.awt.graphicsenv" value="sun.awt.Win32GraphicsEnvironment">
</property>
    <property 
    name="basedir" value="C:\DriveE\Projects\vNext\Azure-AMP-DataPlatform-Vnext\src\VNext-DataTranformations">
</property>
    <property name="os.arch" value="amd64"> </property>
    <property 
    name="java.io.tmpdir" value="C:\Users\dujandhy\AppData\Local\Temp\">
</property>
    <property name="line.separator" value=" "> </property>
    <property name="java.vm.specification.vendor" value="Oracle Corporation">
    </property>
    <property name="user.variant" value=""> </property>
    <property name="os.name" value="Windows 10"> </property>
    <property name="sun.jnu.encoding" value="Cp1252"> </property>
    <property 
    name="java.library.path" value="C:\ProgramData\Oracle\Java\javapath;C:\WINDOWS\Sun\Java\bin;C:\WINDOWS\system32;C:\WINDOWS;C:\ProgramData\Oracle\Java\javapath;C:\Program Files\Microsoft MPI\Bin\;C:\Program Files\Common Files\Microsoft Shared\Microsoft Online Services;C:\Program Files (x86)\Common Files\Microsoft Shared\Microsoft Online Services;C:\WINDOWS\system32;C:\WINDOWS;C:\WINDOWS\System32\Wbem;C:\WINDOWS\System32\WindowsPowerShell\v1.0\;C:\Program Files (x86)\Microsoft SQL Server\140\Tools\Binn\;C:\Program Files\Microsoft SQL Server\140\Tools\Binn\;C:\Program Files\Microsoft SQL Server\140\DTS\Binn\;C:\Program Files\Microsoft SQL Server\Client SDK\ODBC\130\Tools\Binn\;C:\Program Files (x86)\Microsoft SQL Server\Client SDK\ODBC\130\Tools\Binn\;C:\Program Files (x86)\Microsoft SQL Server\140\DTS\Binn\;C:\Program Files (x86)\Microsoft SQL Server\140\Tools\Binn\ManagementStudio\;C:\Program Files\Microsoft SQL Server\120\Tools\Binn\;C:\Program Files\Microsoft SQL Server\130\Tools\Binn\;C:\Program Files (x86)\Microsoft SQL Server\110\DTS\Binn\;C:\Program Files (x86)\Microsoft SQL Server\120\DTS\Binn\;C:\Program Files (x86)\Microsoft SQL Server\130\DTS\Binn\;C:\Program Files\Git\cmd;C:\DriveE\apache-maven-3.5.2\bin;C:\DriveE\spark-2.3.0-bin-hadoop2.7\bin;C:\DriveE\winutils-master\hadoop-3.0.0\bin;C:\Program Files (x86)\scala\bin;C:\Program Files\Microsoft\Web Platform Installer\;C:\Program Files\dotnet\;C:\Users\dujandhy\AppData\Local\Microsoft\WindowsApps;.">
</property>
    <property name="jdk.debug" value="release"> </property>
    <property name="java.class.version" value="53.0"> </property>
    <property 
    name="java.specification.name" value="Java Platform API Specification">
</property>
    <property 
    name="sun.management.compiler" value="HotSpot 64-Bit Tiered Compilers">
</property>
    <property name="os.version" value="10.0"> </property>
    <property name="user.home" value="C:\Users\dujandhy"> </property>
    <property name="user.timezone" value=""> </property>
    <property name="java.awt.printerjob" value="sun.awt.windows.WPrinterJob">
    </property>
    <property name="file.encoding" value="Cp1252"> </property>
    <property name="java.specification.version" value="9"> </property>
    <property name="user.name" value="dujandhy"> </property>
    <property 
    name="java.class.path" value="C:\DriveE\Projects\vNext\Azure-AMP-DataPlatform-Vnext\src\VNext-DataTranformations\target\test-classes;C:\DriveE\Projects\vNext\Azure-AMP-DataPlatform-Vnext\src\VNext-DataTranformations\target\classes;C:\DriveE\Spark\Repository\org\scala-lang\scala-compiler\2.11.8\scala-compiler-2.11.8.jar;C:\DriveE\Spark\Repository\org\scala-lang\scala-library\2.11.8\scala-library-2.11.8.jar;C:\DriveE\Spark\Repository\org\scala-lang\scala-reflect\2.11.8\scala-reflect-2.11.8.jar;C:\DriveE\Spark\Repository\org\scala-lang\modules\scala-xml_2.11\1.0.4\scala-xml_2.11-1.0.4.jar;C:\DriveE\Spark\Repository\org\scala-lang\modules\scala-parser-combinators_2.11\1.0.4\scala-parser-combinators_2.11-1.0.4.jar;C:\DriveE\Spark\Repository\org\apache\spark\spark-core_2.11\2.3.0\spark-core_2.11-2.3.0.jar;C:\DriveE\Spark\Repository\org\apache\avro\avro\1.7.7\avro-1.7.7.jar;C:\DriveE\Spark\Repository\org\codehaus\jackson\jackson-core-asl\1.9.13\jackson-core-asl-1.9.13.jar;C:\DriveE\Spark\Repository\com\thoughtworks\paranamer\paranamer\2.3\paranamer-2.3.jar;C:\DriveE\Spark\Repository\org\apache\commons\commons-compress\1.4.1\commons-compress-1.4.1.jar;C:\DriveE\Spark\Repository\org\tukaani\xz\1.0\xz-1.0.jar;C:\DriveE\Spark\Repository\org\apache\avro\avro-mapred\1.7.7\avro-mapred-1.7.7-hadoop2.jar;C:\DriveE\Spark\Repository\org\apache\avro\avro-ipc\1.7.7\avro-ipc-1.7.7.jar;C:\DriveE\Spark\Repository\org\apache\avro\avro-ipc\1.7.7\avro-ipc-1.7.7-tests.jar;C:\DriveE\Spark\Repository\com\twitter\chill_2.11\0.8.4\chill_2.11-0.8.4.jar;C:\DriveE\Spark\Repository\com\esotericsoftware\kryo-shaded\3.0.3\kryo-shaded-3.0.3.jar;C:\DriveE\Spark\Repository\com\esotericsoftware\minlog\1.3.0\minlog-1.3.0.jar;C:\DriveE\Spark\Repository\org\objenesis\objenesis\2.1\objenesis-2.1.jar;C:\DriveE\Spark\Repository\com\twitter\chill-java\0.8.4\chill-java-0.8.4.jar;C:\DriveE\Spark\Repository\org\apache\xbean\xbean-asm5-shaded\4.4\xbean-asm5-shaded-4.4.jar;C:\DriveE\Spark\Repository\org\apache\hadoop\hadoop-client\2.6.5\hadoop-client-2.6.5.jar;C:\DriveE\Spark\Repository\org\apache\hadoop\hadoop-hdfs\2.6.5\hadoop-hdfs-2.6.5.jar;C:\DriveE\Spark\Repository\org\mortbay\jetty\jetty-util\6.1.26\jetty-util-6.1.26.jar;C:\DriveE\Spark\Repository\xmlenc\xmlenc\0.52\xmlenc-0.52.jar;C:\DriveE\Spark\Repository\xerces\xercesImpl\2.9.1\xercesImpl-2.9.1.jar;C:\DriveE\Spark\Repository\xml-apis\xml-apis\1.3.04\xml-apis-1.3.04.jar;C:\DriveE\Spark\Repository\org\htrace\htrace-core\3.0.4\htrace-core-3.0.4.jar;C:\DriveE\Spark\Repository\org\apache\hadoop\hadoop-mapreduce-client-app\2.6.5\hadoop-mapreduce-client-app-2.6.5.jar;C:\DriveE\Spark\Repository\org\apache\hadoop\hadoop-mapreduce-client-common\2.6.5\hadoop-mapreduce-client-common-2.6.5.jar;C:\DriveE\Spark\Repository\org\apache\hadoop\hadoop-yarn-client\2.6.5\hadoop-yarn-client-2.6.5.jar;C:\DriveE\Spark\Repository\org\apache\hadoop\hadoop-yarn-server-common\2.6.5\hadoop-yarn-server-common-2.6.5.jar;C:\DriveE\Spark\Repository\org\apache\hadoop\hadoop-mapreduce-client-shuffle\2.6.5\hadoop-mapreduce-client-shuffle-2.6.5.jar;C:\DriveE\Spark\Repository\org\apache\hadoop\hadoop-yarn-api\2.6.5\hadoop-yarn-api-2.6.5.jar;C:\DriveE\Spark\Repository\org\apache\hadoop\hadoop-mapreduce-client-core\2.6.5\hadoop-mapreduce-client-core-2.6.5.jar;C:\DriveE\Spark\Repository\org\apache\hadoop\hadoop-yarn-common\2.6.5\hadoop-yarn-common-2.6.5.jar;C:\DriveE\Spark\Repository\javax\xml\bind\jaxb-api\2.2.2\jaxb-api-2.2.2.jar;C:\DriveE\Spark\Repository\javax\xml\stream\stax-api\1.0-2\stax-api-1.0-2.jar;C:\DriveE\Spark\Repository\org\apache\hadoop\hadoop-mapreduce-client-jobclient\2.6.5\hadoop-mapreduce-client-jobclient-2.6.5.jar;C:\DriveE\Spark\Repository\org\apache\hadoop\hadoop-annotations\2.6.5\hadoop-annotations-2.6.5.jar;C:\DriveE\Spark\Repository\org\apache\spark\spark-launcher_2.11\2.3.0\spark-launcher_2.11-2.3.0.jar;C:\DriveE\Spark\Repository\org\apache\spark\spark-kvstore_2.11\2.3.0\spark-kvstore_2.11-2.3.0.jar;C:\DriveE\Spark\Repository\org\fusesource\leveldbjni\leveldbjni-all\1.8\leveldbjni-all-1.8.jar;C:\DriveE\Spark\Repository\com\fasterxml\jackson\core\jackson-annotations\2.6.7\jackson-annotations-2.6.7.jar;C:\DriveE\Spark\Repository\org\apache\spark\spark-network-common_2.11\2.3.0\spark-network-common_2.11-2.3.0.jar;C:\DriveE\Spark\Repository\org\apache\spark\spark-network-shuffle_2.11\2.3.0\spark-network-shuffle_2.11-2.3.0.jar;C:\DriveE\Spark\Repository\org\apache\spark\spark-unsafe_2.11\2.3.0\spark-unsafe_2.11-2.3.0.jar;C:\DriveE\Spark\Repository\net\java\dev\jets3t\jets3t\0.9.4\jets3t-0.9.4.jar;C:\DriveE\Spark\Repository\org\apache\httpcomponents\httpcore\4.4.1\httpcore-4.4.1.jar;C:\DriveE\Spark\Repository\javax\activation\activation\1.1.1\activation-1.1.1.jar;C:\DriveE\Spark\Repository\org\bouncycastle\bcprov-jdk15on\1.52\bcprov-jdk15on-1.52.jar;C:\DriveE\Spark\Repository\com\jamesmurty\utils\java-xmlbuilder\1.1\java-xmlbuilder-1.1.jar;C:\DriveE\Spark\Repository\net\iharder\base64\2.3.8\base64-2.3.8.jar;C:\DriveE\Spark\Repository\org\apache\curator\curator-recipes\2.6.0\curator-recipes-2.6.0.jar;C:\DriveE\Spark\Repository\org\apache\curator\curator-framework\2.6.0\curator-framework-2.6.0.jar;C:\DriveE\Spark\Repository\org\apache\zookeeper\zookeeper\3.4.6\zookeeper-3.4.6.jar;C:\DriveE\Spark\Repository\javax\servlet\javax.servlet-api\3.1.0\javax.servlet-api-3.1.0.jar;C:\DriveE\Spark\Repository\org\apache\commons\commons-lang3\3.5\commons-lang3-3.5.jar;C:\DriveE\Spark\Repository\org\apache\commons\commons-math3\3.4.1\commons-math3-3.4.1.jar;C:\DriveE\Spark\Repository\com\google\code\findbugs\jsr305\1.3.9\jsr305-1.3.9.jar;C:\DriveE\Spark\Repository\org\slf4j\slf4j-api\1.7.16\slf4j-api-1.7.16.jar;C:\DriveE\Spark\Repository\org\slf4j\jul-to-slf4j\1.7.16\jul-to-slf4j-1.7.16.jar;C:\DriveE\Spark\Repository\org\slf4j\jcl-over-slf4j\1.7.16\jcl-over-slf4j-1.7.16.jar;C:\DriveE\Spark\Repository\log4j\log4j\1.2.17\log4j-1.2.17.jar;C:\DriveE\Spark\Repository\org\slf4j\slf4j-log4j12\1.7.16\slf4j-log4j12-1.7.16.jar;C:\DriveE\Spark\Repository\com\ning\compress-lzf\1.0.3\compress-lzf-1.0.3.jar;C:\DriveE\Spark\Repository\org\xerial\snappy\snappy-java\1.1.2.6\snappy-java-1.1.2.6.jar;C:\DriveE\Spark\Repository\org\lz4\lz4-java\1.4.0\lz4-java-1.4.0.jar;C:\DriveE\Spark\Repository\com\github\luben\zstd-jni\1.3.2-2\zstd-jni-1.3.2-2.jar;C:\DriveE\Spark\Repository\org\roaringbitmap\RoaringBitmap\0.5.11\RoaringBitmap-0.5.11.jar;C:\DriveE\Spark\Repository\commons-net\commons-net\2.2\commons-net-2.2.jar;C:\DriveE\Spark\Repository\org\json4s\json4s-jackson_2.11\3.2.11\json4s-jackson_2.11-3.2.11.jar;C:\DriveE\Spark\Repository\org\glassfish\jersey\core\jersey-client\2.22.2\jersey-client-2.22.2.jar;C:\DriveE\Spark\Repository\javax\ws\rs\javax.ws.rs-api\2.0.1\javax.ws.rs-api-2.0.1.jar;C:\DriveE\Spark\Repository\org\glassfish\hk2\hk2-api\2.4.0-b34\hk2-api-2.4.0-b34.jar;C:\DriveE\Spark\Repository\org\glassfish\hk2\hk2-utils\2.4.0-b34\hk2-utils-2.4.0-b34.jar;C:\DriveE\Spark\Repository\org\glassfish\hk2\external\aopalliance-repackaged\2.4.0-b34\aopalliance-repackaged-2.4.0-b34.jar;C:\DriveE\Spark\Repository\org\glassfish\hk2\external\javax.inject\2.4.0-b34\javax.inject-2.4.0-b34.jar;C:\DriveE\Spark\Repository\org\glassfish\hk2\hk2-locator\2.4.0-b34\hk2-locator-2.4.0-b34.jar;C:\DriveE\Spark\Repository\org\javassist\javassist\3.18.1-GA\javassist-3.18.1-GA.jar;C:\DriveE\Spark\Repository\org\glassfish\jersey\core\jersey-common\2.22.2\jersey-common-2.22.2.jar;C:\DriveE\Spark\Repository\javax\annotation\javax.annotation-api\1.2\javax.annotation-api-1.2.jar;C:\DriveE\Spark\Repository\org\glassfish\jersey\bundles\repackaged\jersey-guava\2.22.2\jersey-guava-2.22.2.jar;C:\DriveE\Spark\Repository\org\glassfish\hk2\osgi-resource-locator\1.0.1\osgi-resource-locator-1.0.1.jar;C:\DriveE\Spark\Repository\org\glassfish\jersey\core\jersey-server\2.22.2\jersey-server-2.22.2.jar;C:\DriveE\Spark\Repository\org\glassfish\jersey\media\jersey-media-jaxb\2.22.2\jersey-media-jaxb-2.22.2.jar;C:\DriveE\Spark\Repository\javax\validation\validation-api\1.1.0.Final\validation-api-1.1.0.Final.jar;C:\DriveE\Spark\Repository\org\glassfish\jersey\containers\jersey-container-servlet\2.22.2\jersey-container-servlet-2.22.2.jar;C:\DriveE\Spark\Repository\org\glassfish\jersey\containers\jersey-container-servlet-core\2.22.2\jersey-container-servlet-core-2.22.2.jar;C:\DriveE\Spark\Repository\io\netty\netty-all\4.1.17.Final\netty-all-4.1.17.Final.jar;C:\DriveE\Spark\Repository\io\netty\netty\3.9.9.Final\netty-3.9.9.Final.jar;C:\DriveE\Spark\Repository\com\clearspring\analytics\stream\2.7.0\stream-2.7.0.jar;C:\DriveE\Spark\Repository\io\dropwizard\metrics\metrics-core\3.1.5\metrics-core-3.1.5.jar;C:\DriveE\Spark\Repository\io\dropwizard\metrics\metrics-jvm\3.1.5\metrics-jvm-3.1.5.jar;C:\DriveE\Spark\Repository\io\dropwizard\metrics\metrics-json\3.1.5\metrics-json-3.1.5.jar;C:\DriveE\Spark\Repository\io\dropwizard\metrics\metrics-graphite\3.1.5\metrics-graphite-3.1.5.jar;C:\DriveE\Spark\Repository\com\fasterxml\jackson\core\jackson-databind\2.6.7.1\jackson-databind-2.6.7.1.jar;C:\DriveE\Spark\Repository\com\fasterxml\jackson\module\jackson-module-scala_2.11\2.6.7.1\jackson-module-scala_2.11-2.6.7.1.jar;C:\DriveE\Spark\Repository\com\fasterxml\jackson\module\jackson-module-paranamer\2.7.9\jackson-module-paranamer-2.7.9.jar;C:\DriveE\Spark\Repository\org\apache\ivy\ivy\2.4.0\ivy-2.4.0.jar;C:\DriveE\Spark\Repository\oro\oro\2.0.8\oro-2.0.8.jar;C:\DriveE\Spark\Repository\net\razorvine\pyrolite\4.13\pyrolite-4.13.jar;C:\DriveE\Spark\Repository\net\sf\py4j\py4j\0.10.6\py4j-0.10.6.jar;C:\DriveE\Spark\Repository\org\apache\spark\spark-tags_2.11\2.3.0\spark-tags_2.11-2.3.0.jar;C:\DriveE\Spark\Repository\org\apache\commons\commons-crypto\1.0.0\commons-crypto-1.0.0.jar;C:\DriveE\Spark\Repository\org\spark-project\spark\unused\1.0.0\unused-1.0.0.jar;C:\DriveE\Spark\Repository\org\apache\spark\spark-sql_2.11\2.3.0\spark-sql_2.11-2.3.0.jar;C:\DriveE\Spark\Repository\com\univocity\univocity-parsers\2.5.9\univocity-parsers-2.5.9.jar;C:\DriveE\Spark\Repository\org\apache\spark\spark-sketch_2.11\2.3.0\spark-sketch_2.11-2.3.0.jar;C:\DriveE\Spark\Repository\org\apache\spark\spark-catalyst_2.11\2.3.0\spark-catalyst_2.11-2.3.0.jar;C:\DriveE\Spark\Repository\org\codehaus\janino\janino\3.0.8\janino-3.0.8.jar;C:\DriveE\Spark\Repository\org\codehaus\janino\commons-compiler\3.0.8\commons-compiler-3.0.8.jar;C:\DriveE\Spark\Repository\org\antlr\antlr4-runtime\4.7\antlr4-runtime-4.7.jar;C:\DriveE\Spark\Repository\org\apache\orc\orc-core\1.4.1\orc-core-1.4.1-nohive.jar;C:\DriveE\Spark\Repository\com\google\protobuf\protobuf-java\2.5.0\protobuf-java-2.5.0.jar;C:\DriveE\Spark\Repository\commons-lang\commons-lang\2.6\commons-lang-2.6.jar;C:\DriveE\Spark\Repository\io\airlift\aircompressor\0.8\aircompressor-0.8.jar;C:\DriveE\Spark\Repository\org\apache\orc\orc-mapreduce\1.4.1\orc-mapreduce-1.4.1-nohive.jar;C:\DriveE\Spark\Repository\org\apache\parquet\parquet-column\1.8.2\parquet-column-1.8.2.jar;C:\DriveE\Spark\Repository\org\apache\parquet\parquet-common\1.8.2\parquet-common-1.8.2.jar;C:\DriveE\Spark\Repository\org\apache\parquet\parquet-encoding\1.8.2\parquet-encoding-1.8.2.jar;C:\DriveE\Spark\Repository\org\apache\parquet\parquet-hadoop\1.8.2\parquet-hadoop-1.8.2.jar;C:\DriveE\Spark\Repository\org\apache\parquet\parquet-format\2.3.1\parquet-format-2.3.1.jar;C:\DriveE\Spark\Repository\org\apache\parquet\parquet-jackson\1.8.2\parquet-jackson-1.8.2.jar;C:\DriveE\Spark\Repository\org\apache\arrow\arrow-vector\0.8.0\arrow-vector-0.8.0.jar;C:\DriveE\Spark\Repository\org\apache\arrow\arrow-format\0.8.0\arrow-format-0.8.0.jar;C:\DriveE\Spark\Repository\org\apache\arrow\arrow-memory\0.8.0\arrow-memory-0.8.0.jar;C:\DriveE\Spark\Repository\com\carrotsearch\hppc\0.7.2\hppc-0.7.2.jar;C:\DriveE\Spark\Repository\com\vlkan\flatbuffers\1.2.0-3f79e055\flatbuffers-1.2.0-3f79e055.jar;C:\DriveE\Spark\Repository\org\apache\hadoop\hadoop-azure\3.0.0\hadoop-azure-3.0.0.jar;C:\DriveE\Spark\Repository\org\apache\hadoop\hadoop-common\3.0.0\hadoop-common-3.0.0.jar;C:\DriveE\Spark\Repository\commons-cli\commons-cli\1.2\commons-cli-1.2.jar;C:\DriveE\Spark\Repository\commons-io\commons-io\2.4\commons-io-2.4.jar;C:\DriveE\Spark\Repository\commons-collections\commons-collections\3.2.2\commons-collections-3.2.2.jar;C:\DriveE\Spark\Repository\org\eclipse\jetty\jetty-server\9.3.19.v20170502\jetty-server-9.3.19.v20170502.jar;C:\DriveE\Spark\Repository\org\eclipse\jetty\jetty-http\9.3.19.v20170502\jetty-http-9.3.19.v20170502.jar;C:\DriveE\Spark\Repository\org\eclipse\jetty\jetty-io\9.3.19.v20170502\jetty-io-9.3.19.v20170502.jar;C:\DriveE\Spark\Repository\org\eclipse\jetty\jetty-util\9.3.19.v20170502\jetty-util-9.3.19.v20170502.jar;C:\DriveE\Spark\Repository\org\eclipse\jetty\jetty-servlet\9.3.19.v20170502\jetty-servlet-9.3.19.v20170502.jar;C:\DriveE\Spark\Repository\org\eclipse\jetty\jetty-security\9.3.19.v20170502\jetty-security-9.3.19.v20170502.jar;C:\DriveE\Spark\Repository\org\eclipse\jetty\jetty-webapp\9.3.19.v20170502\jetty-webapp-9.3.19.v20170502.jar;C:\DriveE\Spark\Repository\org\eclipse\jetty\jetty-xml\9.3.19.v20170502\jetty-xml-9.3.19.v20170502.jar;C:\DriveE\Spark\Repository\javax\servlet\jsp\jsp-api\2.1\jsp-api-2.1.jar;C:\DriveE\Spark\Repository\com\sun\jersey\jersey-core\1.19\jersey-core-1.19.jar;C:\DriveE\Spark\Repository\javax\ws\rs\jsr311-api\1.1.1\jsr311-api-1.1.1.jar;C:\DriveE\Spark\Repository\com\sun\jersey\jersey-servlet\1.19\jersey-servlet-1.19.jar;C:\DriveE\Spark\Repository\com\sun\jersey\jersey-json\1.19\jersey-json-1.19.jar;C:\DriveE\Spark\Repository\org\codehaus\jettison\jettison\1.1\jettison-1.1.jar;C:\DriveE\Spark\Repository\com\sun\xml\bind\jaxb-impl\2.2.3-1\jaxb-impl-2.2.3-1.jar;C:\DriveE\Spark\Repository\org\codehaus\jackson\jackson-jaxrs\1.9.2\jackson-jaxrs-1.9.2.jar;C:\DriveE\Spark\Repository\org\codehaus\jackson\jackson-xc\1.9.2\jackson-xc-1.9.2.jar;C:\DriveE\Spark\Repository\com\sun\jersey\jersey-server\1.19\jersey-server-1.19.jar;C:\DriveE\Spark\Repository\commons-logging\commons-logging\1.1.3\commons-logging-1.1.3.jar;C:\DriveE\Spark\Repository\commons-beanutils\commons-beanutils\1.9.3\commons-beanutils-1.9.3.jar;C:\DriveE\Spark\Repository\org\apache\commons\commons-configuration2\2.1.1\commons-configuration2-2.1.1.jar;C:\DriveE\Spark\Repository\com\google\re2j\re2j\1.1\re2j-1.1.jar;C:\DriveE\Spark\Repository\com\google\code\gson\gson\2.2.4\gson-2.2.4.jar;C:\DriveE\Spark\Repository\org\apache\hadoop\hadoop-auth\3.0.0\hadoop-auth-3.0.0.jar;C:\DriveE\Spark\Repository\com\nimbusds\nimbus-jose-jwt\4.41.1\nimbus-jose-jwt-4.41.1.jar;C:\DriveE\Spark\Repository\com\github\stephenc\jcip\jcip-annotations\1.0-1\jcip-annotations-1.0-1.jar;C:\DriveE\Spark\Repository\net\minidev\json-smart\2.3\json-smart-2.3.jar;C:\DriveE\Spark\Repository\net\minidev\accessors-smart\1.2\accessors-smart-1.2.jar;C:\DriveE\Spark\Repository\org\ow2\asm\asm\5.0.4\asm-5.0.4.jar;C:\DriveE\Spark\Repository\com\jcraft\jsch\0.1.54\jsch-0.1.54.jar;C:\DriveE\Spark\Repository\org\apache\curator\curator-client\2.12.0\curator-client-2.12.0.jar;C:\DriveE\Spark\Repository\org\apache\htrace\htrace-core4\4.1.0-incubating\htrace-core4-4.1.0-incubating.jar;C:\DriveE\Spark\Repository\org\apache\kerby\kerb-simplekdc\1.0.1\kerb-simplekdc-1.0.1.jar;C:\DriveE\Spark\Repository\org\apache\kerby\kerb-client\1.0.1\kerb-client-1.0.1.jar;C:\DriveE\Spark\Repository\org\apache\kerby\kerby-config\1.0.1\kerby-config-1.0.1.jar;C:\DriveE\Spark\Repository\org\apache\kerby\kerb-core\1.0.1\kerb-core-1.0.1.jar;C:\DriveE\Spark\Repository\org\apache\kerby\kerby-pkix\1.0.1\kerby-pkix-1.0.1.jar;C:\DriveE\Spark\Repository\org\apache\kerby\kerby-asn1\1.0.1\kerby-asn1-1.0.1.jar;C:\DriveE\Spark\Repository\org\apache\kerby\kerby-util\1.0.1\kerby-util-1.0.1.jar;C:\DriveE\Spark\Repository\org\apache\kerby\kerb-common\1.0.1\kerb-common-1.0.1.jar;C:\DriveE\Spark\Repository\org\apache\kerby\kerb-crypto\1.0.1\kerb-crypto-1.0.1.jar;C:\DriveE\Spark\Repository\org\apache\kerby\kerb-util\1.0.1\kerb-util-1.0.1.jar;C:\DriveE\Spark\Repository\org\apache\kerby\token-provider\1.0.1\token-provider-1.0.1.jar;C:\DriveE\Spark\Repository\org\apache\kerby\kerb-admin\1.0.1\kerb-admin-1.0.1.jar;C:\DriveE\Spark\Repository\org\apache\kerby\kerb-server\1.0.1\kerb-server-1.0.1.jar;C:\DriveE\Spark\Repository\org\apache\kerby\kerb-identity\1.0.1\kerb-identity-1.0.1.jar;C:\DriveE\Spark\Repository\org\apache\kerby\kerby-xdr\1.0.1\kerby-xdr-1.0.1.jar;C:\DriveE\Spark\Repository\org\codehaus\woodstox\stax2-api\3.1.4\stax2-api-3.1.4.jar;C:\DriveE\Spark\Repository\com\fasterxml\woodstox\woodstox-core\5.0.3\woodstox-core-5.0.3.jar;C:\DriveE\Spark\Repository\com\fasterxml\jackson\core\jackson-core\2.7.8\jackson-core-2.7.8.jar;C:\DriveE\Spark\Repository\org\apache\httpcomponents\httpclient\4.5.2\httpclient-4.5.2.jar;C:\DriveE\Spark\Repository\com\microsoft\azure\azure-storage\5.4.0\azure-storage-5.4.0.jar;C:\DriveE\Spark\Repository\com\microsoft\azure\azure-keyvault-core\0.8.0\azure-keyvault-core-0.8.0.jar;C:\DriveE\Spark\Repository\com\google\guava\guava\11.0.2\guava-11.0.2.jar;C:\DriveE\Spark\Repository\org\eclipse\jetty\jetty-util-ajax\9.3.19.v20170502\jetty-util-ajax-9.3.19.v20170502.jar;C:\DriveE\Spark\Repository\org\skife\com\typesafe\config\typesafe-config\0.3.0\typesafe-config-0.3.0.jar;C:\DriveE\Spark\Repository\org\json4s\json4s-native_2.11\3.6.0-M2\json4s-native_2.11-3.6.0-M2.jar;C:\DriveE\Spark\Repository\org\json4s\json4s-core_2.11\3.6.0-M2\json4s-core_2.11-3.6.0-M2.jar;C:\DriveE\Spark\Repository\org\json4s\json4s-ast_2.11\3.6.0-M2\json4s-ast_2.11-3.6.0-M2.jar;C:\DriveE\Spark\Repository\org\json4s\json4s-scalap_2.11\3.6.0-M2\json4s-scalap_2.11-3.6.0-M2.jar;C:\DriveE\Spark\Repository\org\jmockit\jmockit\1.8\jmockit-1.8.jar;C:\DriveE\Spark\Repository\org\scalatest\scalatest_2.11\3.2.0-SNAP10\scalatest_2.11-3.2.0-SNAP10.jar;C:\DriveE\Spark\Repository\org\scalactic\scalactic_2.11\3.2.0-SNAP10\scalactic_2.11-3.2.0-SNAP10.jar;C:\DriveE\Spark\Repository\junit\junit\4.12\junit-4.12.jar;C:\DriveE\Spark\Repository\org\hamcrest\hamcrest-core\1.3\hamcrest-core-1.3.jar;C:\DriveE\Spark\Repository\org\scalacheck\scalacheck_2.11\1.13.5\scalacheck_2.11-1.13.5.jar;C:\DriveE\Spark\Repository\org\scala-sbt\test-interface\1.0\test-interface-1.0.jar;C:\DriveE\Spark\Repository\org\apache\spark\spark-hive_2.11\2.3.0\spark-hive_2.11-2.3.0.jar;C:\DriveE\Spark\Repository\com\twitter\parquet-hadoop-bundle\1.6.0\parquet-hadoop-bundle-1.6.0.jar;C:\DriveE\Spark\Repository\org\spark-project\hive\hive-exec\1.2.1.spark2\hive-exec-1.2.1.spark2.jar;C:\DriveE\Spark\Repository\javolution\javolution\5.5.1\javolution-5.5.1.jar;C:\DriveE\Spark\Repository\log4j\apache-log4j-extras\1.2.17\apache-log4j-extras-1.2.17.jar;C:\DriveE\Spark\Repository\org\antlr\antlr-runtime\3.4\antlr-runtime-3.4.jar;C:\DriveE\Spark\Repository\org\antlr\stringtemplate\3.2.1\stringtemplate-3.2.1.jar;C:\DriveE\Spark\Repository\antlr\antlr\2.7.7\antlr-2.7.7.jar;C:\DriveE\Spark\Repository\org\antlr\ST4\4.0.4\ST4-4.0.4.jar;C:\DriveE\Spark\Repository\com\googlecode\javaewah\JavaEWAH\0.3.2\JavaEWAH-0.3.2.jar;C:\DriveE\Spark\Repository\org\iq80\snappy\snappy\0.2\snappy-0.2.jar;C:\DriveE\Spark\Repository\stax\stax-api\1.0.1\stax-api-1.0.1.jar;C:\DriveE\Spark\Repository\net\sf\opencsv\opencsv\2.3\opencsv-2.3.jar;C:\DriveE\Spark\Repository\org\spark-project\hive\hive-metastore\1.2.1.spark2\hive-metastore-1.2.1.spark2.jar;C:\DriveE\Spark\Repository\com\jolbox\bonecp\0.8.0.RELEASE\bonecp-0.8.0.RELEASE.jar;C:\DriveE\Spark\Repository\org\datanucleus\datanucleus-api-jdo\3.2.6\datanucleus-api-jdo-3.2.6.jar;C:\DriveE\Spark\Repository\org\datanucleus\datanucleus-rdbms\3.2.9\datanucleus-rdbms-3.2.9.jar;C:\DriveE\Spark\Repository\commons-pool\commons-pool\1.5.4\commons-pool-1.5.4.jar;C:\DriveE\Spark\Repository\commons-dbcp\commons-dbcp\1.4\commons-dbcp-1.4.jar;C:\DriveE\Spark\Repository\javax\jdo\jdo-api\3.0.1\jdo-api-3.0.1.jar;C:\DriveE\Spark\Repository\javax\transaction\jta\1.1\jta-1.1.jar;C:\DriveE\Spark\Repository\commons-httpclient\commons-httpclient\3.1\commons-httpclient-3.1.jar;C:\DriveE\Spark\Repository\org\apache\calcite\calcite-avatica\1.2.0-incubating\calcite-avatica-1.2.0-incubating.jar;C:\DriveE\Spark\Repository\org\apache\calcite\calcite-core\1.2.0-incubating\calcite-core-1.2.0-incubating.jar;C:\DriveE\Spark\Repository\org\apache\calcite\calcite-linq4j\1.2.0-incubating\calcite-linq4j-1.2.0-incubating.jar;C:\DriveE\Spark\Repository\net\hydromatic\eigenbase-properties\1.1.5\eigenbase-properties-1.1.5.jar;C:\DriveE\Spark\Repository\org\codehaus\jackson\jackson-mapper-asl\1.9.13\jackson-mapper-asl-1.9.13.jar;C:\DriveE\Spark\Repository\commons-codec\commons-codec\1.10\commons-codec-1.10.jar;C:\DriveE\Spark\Repository\joda-time\joda-time\2.9.3\joda-time-2.9.3.jar;C:\DriveE\Spark\Repository\org\jodd\jodd-core\3.5.2\jodd-core-3.5.2.jar;C:\DriveE\Spark\Repository\org\datanucleus\datanucleus-core\3.2.10\datanucleus-core-3.2.10.jar;C:\DriveE\Spark\Repository\org\apache\thrift\libthrift\0.9.3\libthrift-0.9.3.jar;C:\DriveE\Spark\Repository\org\apache\thrift\libfb303\0.9.3\libfb303-0.9.3.jar;C:\DriveE\Spark\Repository\org\apache\derby\derby\10.12.1.1\derby-10.12.1.1.jar">
</property>
    <property name="java.vm.specification.version" value="9"> </property>
    <property name="sun.arch.data.model" value="64"> </property>
    <property 
    name="sun.java.command" value="org.scalatest.tools.Runner -R C:\DriveE\Projects\vNext\Azure-AMP-DataPlatform-Vnext\src\VNext-DataTranformations\target\classes C:\DriveE\Projects\vNext\Azure-AMP-DataPlatform-Vnext\src\VNext-DataTranformations\target\test-classes -o -f C:\DriveE\Projects\vNext\Azure-AMP-DataPlatform-Vnext\src\VNext-DataTranformations\target\surefire-reports\TestResults.txt -u C:\DriveE\Projects\vNext\Azure-AMP-DataPlatform-Vnext\src\VNext-DataTranformations\target\surefire-reports\.">
</property>
    <property name="java.home" value="C:\Program Files\Java\jre-9.0.4">
    </property>
    <property name="user.language" value="en"> </property>
    <property name="java.specification.vendor" value="Oracle Corporation">
    </property>
    <property name="awt.toolkit" value="sun.awt.windows.WToolkit"> </property>
    <property name="java.vm.info" value="mixed mode"> </property>
    <property name="java.version" value="9.0.4"> </property>
    <property name="java.vendor" value="Oracle Corporation"> </property>
    <property name="file.separator" value="\"> </property>
    <property 
    name="java.vendor.url.bug" value="http://bugreport.java.com/bugreport/">
</property>
    <property name="sun.io.unicode.encoding" value="UnicodeLittle"> </property>
    <property name="sun.cpu.endian" value="little"> </property>
    <property name="sun.desktop" value="windows"> </property>
    <property name="sun.cpu.isalist" value="amd64"> </property>
  </properties>
  <testcase 
  name="test config" classname="com.microsoft.config.ConfigTest" time="0.067">
</testcase>
  <system-out><![CDATA[]]></system-out>
  <system-err><![CDATA[]]></system-err>
</testsuite>
